23:10:48.605 [main] DEBUG org.apache.poi.openxml4j.opc.ZipPackage - Save part 'xl/styles.xml'
23:10:48.613 [main] DEBUG org.apache.poi.openxml4j.opc.ZipPackage - Save part 'xl/workbook.xml'
23:10:48.618 [main] DEBUG org.apache.poi.openxml4j.opc.ZipPackage - Save part 'xl/worksheets/sheet1.xml'
23:10:48.619 [main] DEBUG org.apache.poi.openxml4j.opc.ZipPackage - Save part 'xl/worksheets/sheet2.xml'
23:11:33.423 [main] INFO  testCases.TestCase - Chrome browser opened successfully
23:11:37.433 [main] INFO  testCases.TestCase - **** starting validatTravelInsuncePage  *****
23:11:38.284 [main] INFO  testCases.TestCase - **** Ending validatTravelInsuncePage  *****
23:11:38.331 [main] INFO  testCases.TestCase - **** Starting TravelDetails  *****
23:11:38.332 [main] INFO  testCases.TestCase - Opening of Travel Insurance Page 
23:11:40.931 [main] INFO  testCases.TestCase - Entering customer details.. 
23:11:41.633 [main] INFO  testCases.TestCase - clicked on continue..
23:11:43.996 [main] INFO  testCases.TestCase - **** ending TravelDetails  *****
23:11:44.002 [main] INFO  testCases.TestCase - **** Starting Student Data Verify  *****
23:11:44.284 [main] INFO  testCases.TestCase - Select Student...
23:11:45.219 [main] INFO  testCases.TestCase - clicked on continue..
23:11:45.590 [main] INFO  testCases.TestCase - Medical Condition..
23:11:45.935 [main] DEBUG org.apache.poi.openxml4j.opc.PackageRelationshipCollection - Parsing relationship: /xl/_rels/workbook.xml.rels
23:11:45.942 [main] DEBUG org.apache.poi.openxml4j.opc.PackageRelationshipCollection - Parsing relationship: /xl/worksheets/_rels/sheet1.xml.rels
23:11:45.948 [main] DEBUG org.apache.poi.openxml4j.opc.PackageRelationshipCollection - Parsing relationship: /_rels/.rels
23:11:47.688 [main] INFO  testCases.TestCase - **** Ending Student Data Verify  *****
23:11:47.693 [main] INFO  testCases.TestCase - **** starting Data Sort  *****
23:11:50.045 [main] INFO  testCases.TestCase - Entering Student details.. 
23:11:50.922 [main] INFO  testCases.TestCase - clicked on continue..
23:11:52.682 [main] INFO  testCases.TestCase - **** Ending Data Sort  *****
23:11:52.687 [main] INFO  testCases.TestCase - **** starting Student Plan Detail  *****
23:11:53.126 [main] DEBUG org.apache.poi.openxml4j.opc.ZipPackage - Save core properties part
23:11:53.127 [main] DEBUG org.apache.poi.openxml4j.opc.ZipPackage - Save content types part
23:11:53.220 [main] DEBUG org.apache.poi.openxml4j.opc.ZipPackage - Save package relationships
23:11:53.226 [main] DEBUG org.apache.poi.openxml4j.opc.ZipPackage - Save part 'docProps/app.xml'
23:11:53.227 [main] DEBUG org.apache.poi.openxml4j.opc.ZipPackage - Save part 'docProps/core.xml'
23:11:53.230 [main] DEBUG org.apache.poi.openxml4j.opc.ZipPackage - Save part 'xl/sharedStrings.xml'
23:11:53.231 [main] DEBUG org.apache.poi.openxml4j.opc.ZipPackage - Save part 'xl/styles.xml'
23:11:53.231 [main] DEBUG org.apache.poi.openxml4j.opc.ZipPackage - Save part 'xl/workbook.xml'
23:11:53.233 [main] DEBUG org.apache.poi.openxml4j.opc.ZipPackage - Save part 'xl/worksheets/sheet1.xml'
23:11:53.233 [main] DEBUG org.apache.poi.openxml4j.opc.ZipPackage - Save part 'xl/worksheets/sheet2.xml'
23:11:53.236 [main] DEBUG org.apache.poi.openxml4j.opc.ZipPackage - Save content types part
23:11:53.238 [main] DEBUG org.apache.poi.openxml4j.opc.ZipPackage - Save package relationships
23:11:53.239 [main] DEBUG org.apache.poi.openxml4j.opc.ZipPackage - Save part 'docProps/app.xml'
23:11:53.240 [main] DEBUG org.apache.poi.openxml4j.opc.ZipPackage - Save part 'docProps/core.xml'
23:11:53.242 [main] DEBUG org.apache.poi.openxml4j.opc.ZipPackage - Save part 'xl/sharedStrings.xml'
23:11:53.242 [main] DEBUG org.apache.poi.openxml4j.opc.ZipPackage - Save part 'xl/styles.xml'
23:11:53.243 [main] DEBUG org.apache.poi.openxml4j.opc.ZipPackage - Save part 'xl/workbook.xml'
23:11:53.245 [main] DEBUG org.apache.poi.openxml4j.opc.ZipPackage - Save part 'xl/worksheets/sheet1.xml'
23:11:53.245 [main] DEBUG org.apache.poi.openxml4j.opc.ZipPackage - Save part 'xl/worksheets/sheet2.xml'
23:11:53.366 [main] INFO  testCases.TestCase - All student first 3 plan..
23:11:54.994 [main] INFO  testCases.TestCase - **** Ending Student Plan Detail *****
23:11:54.998 [main] INFO  testCases.TestCase - **** starting Car Insurence Details  *****
23:11:55.339 [main] INFO  testCases.TestCase - Open of Car Insurance Page 
23:12:01.885 [main] INFO  testCases.TestCase - Filled all car Datail 
23:12:01.885 [main] INFO  testCases.TestCase - **** Ending Car Insurence Details  *****
23:12:01.890 [main] INFO  testCases.TestCase - **** starting Error Message Validate  *****
23:12:01.900 [main] DEBUG org.apache.poi.openxml4j.opc.PackageRelationshipCollection - Parsing relationship: /xl/_rels/workbook.xml.rels
23:12:01.902 [main] DEBUG org.apache.poi.openxml4j.opc.PackageRelationshipCollection - Parsing relationship: /xl/worksheets/_rels/sheet1.xml.rels
23:12:01.903 [main] DEBUG org.apache.poi.openxml4j.opc.PackageRelationshipCollection - Parsing relationship: /_rels/.rels
