23:12:02.276 [main] DEBUG org.apache.poi.openxml4j.opc.PackageRelationshipCollection - Parsing relationship: /xl/_rels/workbook.xml.rels
23:12:02.297 [main] DEBUG org.apache.poi.openxml4j.opc.PackageRelationshipCollection - Parsing relationship: /xl/worksheets/_rels/sheet1.xml.rels
23:12:02.299 [main] DEBUG org.apache.poi.openxml4j.opc.PackageRelationshipCollection - Parsing relationship: /_rels/.rels
23:12:03.047 [main] INFO  testCases.TestCase - Capture Message.. 
23:12:03.047 [main] INFO  testCases.TestCase - **** Ending Error Message Validate  *****
23:12:03.050 [main] INFO  testCases.TestCase - **** starting Correct Datail Validation  *****
23:12:03.266 [main] DEBUG org.apache.poi.openxml4j.opc.PackageRelationshipCollection - Parsing relationship: /xl/_rels/workbook.xml.rels
23:12:03.267 [main] DEBUG org.apache.poi.openxml4j.opc.PackageRelationshipCollection - Parsing relationship: /xl/worksheets/_rels/sheet1.xml.rels
23:12:03.268 [main] DEBUG org.apache.poi.openxml4j.opc.PackageRelationshipCollection - Parsing relationship: /_rels/.rels
23:12:03.824 [main] INFO  testCases.TestCase - **** Ending Correct Datail Validation  *****
23:12:03.828 [main] INFO  testCases.TestCase - **** starting quotation Data  *****
23:12:16.311 [main] INFO  testCases.TestCase - **** Ending Quotation Data  *****
23:12:16.316 [main] INFO  testCases.TestCase - **** starting Health Insurance Plan  *****
23:12:22.925 [main] DEBUG org.apache.poi.openxml4j.opc.PackageRelationshipCollection - Parsing relationship: /xl/_rels/workbook.xml.rels
23:12:22.929 [main] DEBUG org.apache.poi.openxml4j.opc.PackageRelationshipCollection - Parsing relationship: /xl/worksheets/_rels/sheet1.xml.rels
23:12:22.932 [main] DEBUG org.apache.poi.openxml4j.opc.PackageRelationshipCollection - Parsing relationship: /_rels/.rels
23:12:23.911 [main] DEBUG org.apache.poi.openxml4j.opc.PackageRelationshipCollection - Parsing relationship: /xl/_rels/workbook.xml.rels
23:12:23.912 [main] DEBUG org.apache.poi.openxml4j.opc.PackageRelationshipCollection - Parsing relationship: /xl/worksheets/_rels/sheet1.xml.rels
23:12:23.913 [main] DEBUG org.apache.poi.openxml4j.opc.PackageRelationshipCollection - Parsing relationship: /_rels/.rels
23:12:27.800 [main] INFO  testCases.TestCase - **** Ending Health Insurance Plan  *****
23:12:27.806 [main] INFO  testCases.TestCase - **** starting All Health Insurance  *****
23:12:44.361 [main] DEBUG org.apache.poi.openxml4j.opc.ZipPackage - Save core properties part
23:12:44.361 [main] DEBUG org.apache.poi.openxml4j.opc.ZipPackage - Save content types part
23:12:44.364 [main] DEBUG org.apache.poi.openxml4j.opc.ZipPackage - Save package relationships
23:12:44.366 [main] DEBUG org.apache.poi.openxml4j.opc.ZipPackage - Save part 'docProps/app.xml'
23:12:44.366 [main] DEBUG org.apache.poi.openxml4j.opc.ZipPackage - Save part 'docProps/core.xml'
23:12:44.369 [main] DEBUG org.apache.poi.openxml4j.opc.ZipPackage - Save part 'xl/sharedStrings.xml'
23:12:44.370 [main] DEBUG org.apache.poi.openxml4j.opc.ZipPackage - Save part 'xl/styles.xml'
23:12:44.371 [main] DEBUG org.apache.poi.openxml4j.opc.ZipPackage - Save part 'xl/workbook.xml'
23:12:44.374 [main] DEBUG org.apache.poi.openxml4j.opc.ZipPackage - Save part 'xl/worksheets/sheet1.xml'
23:12:44.374 [main] DEBUG org.apache.poi.openxml4j.opc.ZipPackage - Save part 'xl/worksheets/sheet2.xml'
23:12:44.377 [main] DEBUG org.apache.poi.openxml4j.opc.ZipPackage - Save content types part
23:12:44.379 [main] DEBUG org.apache.poi.openxml4j.opc.ZipPackage - Save package relationships
23:12:44.381 [main] DEBUG org.apache.poi.openxml4j.opc.ZipPackage - Save part 'docProps/app.xml'
23:12:44.382 [main] DEBUG org.apache.poi.openxml4j.opc.ZipPackage - Save part 'docProps/core.xml'
23:12:44.384 [main] DEBUG org.apache.poi.openxml4j.opc.ZipPackage - Save part 'xl/sharedStrings.xml'
23:12:44.385 [main] DEBUG org.apache.poi.openxml4j.opc.ZipPackage - Save part 'xl/styles.xml'
23:12:44.386 [main] DEBUG org.apache.poi.openxml4j.opc.ZipPackage - Save part 'xl/workbook.xml'
23:12:44.389 [main] DEBUG org.apache.poi.openxml4j.opc.ZipPackage - Save part 'xl/worksheets/sheet1.xml'
23:12:44.390 [main] DEBUG org.apache.poi.openxml4j.opc.ZipPackage - Save part 'xl/worksheets/sheet2.xml'
23:12:44.615 [main] INFO  testCases.TestCase - **** Ending All Health Insurance  *****
