18:11:54.596 [main] DEBUG org.apache.poi.openxml4j.opc.ZipPackage - Save part 'docProps/core.xml'
18:11:54.611 [main] DEBUG org.apache.poi.openxml4j.opc.ZipPackage - Save part 'xl/sharedStrings.xml'
18:11:54.612 [main] DEBUG org.apache.poi.openxml4j.opc.ZipPackage - Save part 'xl/styles.xml'
18:11:54.613 [main] DEBUG org.apache.poi.openxml4j.opc.ZipPackage - Save part 'xl/workbook.xml'
18:11:54.615 [main] DEBUG org.apache.poi.openxml4j.opc.ZipPackage - Save part 'xl/worksheets/sheet1.xml'
18:11:54.616 [main] DEBUG org.apache.poi.openxml4j.opc.ZipPackage - Save part 'xl/worksheets/sheet2.xml'
18:11:54.619 [main] DEBUG org.apache.poi.openxml4j.opc.ZipPackage - Save content types part
18:11:54.621 [main] DEBUG org.apache.poi.openxml4j.opc.ZipPackage - Save package relationships
18:11:54.624 [main] DEBUG org.apache.poi.openxml4j.opc.ZipPackage - Save part 'docProps/app.xml'
18:11:54.624 [main] DEBUG org.apache.poi.openxml4j.opc.ZipPackage - Save part 'docProps/core.xml'
18:11:54.627 [main] DEBUG org.apache.poi.openxml4j.opc.ZipPackage - Save part 'xl/sharedStrings.xml'
18:11:54.627 [main] DEBUG org.apache.poi.openxml4j.opc.ZipPackage - Save part 'xl/styles.xml'
18:11:54.628 [main] DEBUG org.apache.poi.openxml4j.opc.ZipPackage - Save part 'xl/workbook.xml'
18:11:54.630 [main] DEBUG org.apache.poi.openxml4j.opc.ZipPackage - Save part 'xl/worksheets/sheet1.xml'
18:11:54.631 [main] DEBUG org.apache.poi.openxml4j.opc.ZipPackage - Save part 'xl/worksheets/sheet2.xml'
18:11:54.821 [main] INFO  testCases.TestCase - All student first 3 plan..
18:11:55.973 [main] INFO  testCases.TestCase - **** Ending Student Plan  *****
18:11:55.978 [main] INFO  testCases.TestCase - **** starting Car Insurence Details  *****
18:11:56.517 [main] INFO  testCases.TestCase - Open of Car Insurance Page 
18:12:10.298 [main] INFO  testCases.TestCase - Filled all car Datail 
18:12:10.313 [main] DEBUG org.apache.poi.openxml4j.opc.PackageRelationshipCollection - Parsing relationship: /xl/_rels/workbook.xml.rels
18:12:10.315 [main] DEBUG org.apache.poi.openxml4j.opc.PackageRelationshipCollection - Parsing relationship: /_rels/.rels
18:12:10.709 [main] DEBUG org.apache.poi.openxml4j.opc.PackageRelationshipCollection - Parsing relationship: /xl/_rels/workbook.xml.rels
18:12:10.710 [main] DEBUG org.apache.poi.openxml4j.opc.PackageRelationshipCollection - Parsing relationship: /_rels/.rels
18:12:11.171 [main] DEBUG org.apache.poi.openxml4j.opc.PackageRelationshipCollection - Parsing relationship: /xl/_rels/workbook.xml.rels
18:12:11.175 [main] DEBUG org.apache.poi.openxml4j.opc.PackageRelationshipCollection - Parsing relationship: /_rels/.rels
18:12:11.480 [main] INFO  testCases.TestCase - **** Ending Car Insurence Details  *****
18:12:11.486 [main] INFO  testCases.TestCase - **** starting Error Message Validate  *****
18:12:11.721 [main] INFO  testCases.TestCase - Capture Message.. 
18:12:13.030 [main] INFO  testCases.TestCase - **** Ending Error Message Validate  *****
18:12:13.037 [main] INFO  testCases.TestCase - **** starting Health Insurance Plan  *****
18:12:19.154 [main] DEBUG org.apache.poi.openxml4j.opc.PackageRelationshipCollection - Parsing relationship: /xl/_rels/workbook.xml.rels
18:12:19.156 [main] DEBUG org.apache.poi.openxml4j.opc.PackageRelationshipCollection - Parsing relationship: /_rels/.rels
18:12:20.118 [main] DEBUG org.apache.poi.openxml4j.opc.PackageRelationshipCollection - Parsing relationship: /xl/_rels/workbook.xml.rels
18:12:20.120 [main] DEBUG org.apache.poi.openxml4j.opc.PackageRelationshipCollection - Parsing relationship: /_rels/.rels
18:12:23.428 [main] INFO  testCases.TestCase - **** Ending Health Insurance Plan  *****
18:12:23.431 [main] INFO  testCases.TestCase - **** starting All Health Insurance  *****
18:13:20.917 [main] DEBUG org.apache.poi.openxml4j.opc.ZipPackage - Save core properties part
18:13:20.917 [main] DEBUG org.apache.poi.openxml4j.opc.ZipPackage - Save content types part
18:13:20.920 [main] DEBUG org.apache.poi.openxml4j.opc.ZipPackage - Save package relationships
18:13:20.921 [main] DEBUG org.apache.poi.openxml4j.opc.ZipPackage - Save part 'docProps/app.xml'
18:13:20.922 [main] DEBUG org.apache.poi.openxml4j.opc.ZipPackage - Save part 'docProps/core.xml'
18:13:20.923 [main] DEBUG org.apache.poi.openxml4j.opc.ZipPackage - Save part 'xl/sharedStrings.xml'
18:13:20.924 [main] DEBUG org.apache.poi.openxml4j.opc.ZipPackage - Save part 'xl/styles.xml'
18:13:20.924 [main] DEBUG org.apache.poi.openxml4j.opc.ZipPackage - Save part 'xl/workbook.xml'
18:13:20.925 [main] DEBUG org.apache.poi.openxml4j.opc.ZipPackage - Save part 'xl/worksheets/sheet1.xml'
18:13:20.926 [main] DEBUG org.apache.poi.openxml4j.opc.ZipPackage - Save part 'xl/worksheets/sheet2.xml'
18:13:20.927 [main] DEBUG org.apache.poi.openxml4j.opc.ZipPackage - Save content types part
18:13:20.929 [main] DEBUG org.apache.poi.openxml4j.opc.ZipPackage - Save package relationships
18:13:20.931 [main] DEBUG org.apache.poi.openxml4j.opc.ZipPackage - Save part 'docProps/app.xml'
