16:19:06.634 [main] INFO  testCases.TestCase - Medical Condition..
16:19:10.061 [main] INFO  testCases.TestCase - **** Ending Student Data Verify  *****
16:19:10.065 [main] INFO  testCases.TestCase - **** starting Data Sort  *****
16:19:20.141 [main] INFO  testCases.TestCase - **** starting Student Plan Detail  *****
16:19:24.407 [main] INFO  testCases.TestCase - All student first 3 plan..
16:19:26.368 [main] INFO  testCases.TestCase - **** Ending Student Plan Detail *****
16:19:26.376 [main] INFO  testCases.TestCase - **** starting Car Insurance Details  *****
16:19:27.323 [main] INFO  testCases.TestCase - Open of Car Insurance Page 
16:19:39.027 [main] INFO  testCases.TestCase - Filled all car Datail 
16:19:39.027 [main] INFO  testCases.TestCase - **** Ending Car Insurence Details  *****
16:19:39.030 [main] INFO  testCases.TestCase - **** starting Error Message Validate  *****
16:19:40.649 [main] INFO  testCases.TestCase - Capture Message.. 
16:19:40.649 [main] INFO  testCases.TestCase - **** Ending Error Message Validate  *****
16:19:40.655 [main] INFO  testCases.TestCase - **** starting Correct Detail Validation  *****
16:19:46.252 [main] INFO  testCases.TestCase - **** Ending Correct Datail Validation  *****
16:19:46.260 [main] INFO  testCases.TestCase - **** starting Health Insurance Plan  *****
16:20:08.790 [main] INFO  testCases.TestCase - **** Ending Health Insurance Plan  *****
16:20:08.797 [main] INFO  testCases.TestCase - **** starting All Health Insurance  *****
16:20:38.658 [main] INFO  testCases.TestCase - **** Ending All Health Insurance  *****
16:33:17.604 [main] INFO  testCases.TestCase - Chrome browser opened successfully
16:33:43.428 [main] INFO  testCases.TestCase - **** starting validatTravelInsuncePage  *****
16:33:44.763 [main] INFO  testCases.TestCase - **** Ending validatTravelInsuncePage  *****
16:33:44.819 [main] INFO  testCases.TestCase - **** Starting TravelDetails  *****
16:33:44.819 [main] INFO  testCases.TestCase - Opening of Travel Insurance Page 
16:33:48.745 [main] INFO  testCases.TestCase - Entering customer details.. 
16:33:49.918 [main] INFO  testCases.TestCase - clicked on continue..
16:34:00.191 [main] INFO  testCases.TestCase - **** Starting Student Data Verify  *****
16:34:10.241 [main] INFO  testCases.TestCase - **** starting Data Sort  *****
16:34:20.325 [main] INFO  testCases.TestCase - **** starting Student Plan Detail  *****
16:34:30.409 [main] INFO  testCases.TestCase - **** starting Car Insurance Details  *****
16:34:35.323 [main] INFO  testCases.TestCase - **** starting Error Message Validate  *****
16:34:37.306 [main] INFO  testCases.TestCase - **** starting Correct Detail Validation  *****
16:34:39.330 [main] INFO  testCases.TestCase - **** starting Health Insurance Plan  *****
16:34:39.388 [main] INFO  testCases.TestCase - **** starting All Health Insurance  *****
16:35:28.502 [main] INFO  testCases.TestCase - Chrome browser opened successfully
16:35:33.738 [main] INFO  testCases.TestCase - **** starting validatTravelInsuncePage  *****
16:35:34.631 [main] INFO  testCases.TestCase - **** Ending validatTravelInsuncePage  *****
16:35:34.670 [main] INFO  testCases.TestCase - **** Starting TravelDetails  *****
16:35:34.670 [main] INFO  testCases.TestCase - Opening of Travel Insurance Page 
16:35:39.505 [main] INFO  testCases.TestCase - Entering customer details.. 
16:35:40.177 [main] INFO  testCases.TestCase - clicked on continue..
16:35:40.470 [main] INFO  testCases.TestCase - **** Starting Student Data Verify  *****
16:35:50.518 [main] INFO  testCases.TestCase - **** starting Data Sort  *****
16:36:00.594 [main] INFO  testCases.TestCase - **** starting Student Plan Detail  *****
16:36:04.293 [main] INFO  testCases.TestCase - **** starting Car Insurance Details  *****
16:36:04.378 [main] INFO  testCases.TestCase - **** starting Error Message Validate  *****
16:36:06.136 [main] INFO  testCases.TestCase - **** starting Correct Detail Validation  *****
16:36:08.162 [main] INFO  testCases.TestCase - **** starting Health Insurance Plan  *****
16:36:08.179 [main] INFO  testCases.TestCase - **** starting All Health Insurance  *****
16:55:58.825 [main] INFO  testCases.TestCase - Chrome browser opened successfully
16:56:05.226 [main] INFO  testCases.TestCase - **** starting validatTravelInsuncePage  *****
16:56:06.566 [main] INFO  testCases.TestCase - **** Ending validatTravelInsuncePage  *****
16:56:06.616 [main] INFO  testCases.TestCase - **** Starting TravelDetails  *****
16:56:06.617 [main] INFO  testCases.TestCase - Opening of Travel Insurance Page 
16:56:10.931 [main] INFO  testCases.TestCase - Entering customer details.. 
16:56:11.774 [main] INFO  testCases.TestCase - clicked on continue..
16:56:15.389 [main] INFO  testCases.TestCase - **** ending TravelDetails  *****
16:56:15.394 [main] INFO  testCases.TestCase - **** Starting Student Data Verify  *****
16:56:15.659 [main] INFO  testCases.TestCase - Select Student...
